[handleMsg]:  {
  key: {
    remoteJid: '34601103423@s.whatsapp.net',
    fromMe: false,
    id: 'AC8C59D4C01C85FE9CAFF3041157909B',
    participant: undefined
  },
  messageTimestamp: 1693612084,
  pushName: 'Mónica Pitarch🌚',
  broadcast: false,
  message: Message {
    extendedTextMessage: ExtendedTextMessage {
      text: 'Hola',
      previewType: 0,
      contextInfo: [ContextInfo],
      inviteLinkGroupTypeV2: 0
    },
    messageContextInfo: MessageContextInfo {
      deviceListMetadata: [DeviceListMetadata],
      deviceListMetadataVersion: 2
    }
  },
  body: 'Hola',
  from: '34601103423'
}
